<?xml version="1.0" encoding="UTF-8"?>
<!-- Generated by org.testng.reporters.JUnitReportReporter -->
<testsuite hostname="arif" name="com.rightster.bat.tests.LoginPageTest" tests="1" failures="0" timestamp="6 Jun 2014 12:25:27 GMT" time="27.895" errors="0">
  <testcase name="testLogin" time="27.895" classname="com.rightster.bat.tests.LoginPageTest"/>
</testsuite> <!-- com.rightster.bat.tests.LoginPageTest -->
