<?xml version="1.0" encoding="UTF-8"?>
<!-- Generated by org.testng.reporters.JUnitReportReporter -->
<testsuite hostname="arif" name="com.rightster.bat.tests.Rightster_Tests" tests="1" failures="0" timestamp="13 May 2014 07:09:56 GMT" time="9.878" errors="0">
  <testcase name="testLogin" time="9.878" classname="com.rightster.bat.tests.Rightster_Tests"/>
</testsuite> <!-- com.rightster.bat.tests.Rightster_Tests -->
